# JRE version: Java(TM) SE Runtime Environment (8.0_111-b14) (build 1.8.0_111-b14)
# Java VM: Java HotSpot(TM) Client VM (25.111-b14 mixed mode, sharing windows-x86 )
Heap:
 def new generation   total 17536K, used 7550K [0x03e00000, 0x05100000, 0x09350000)
  eden space 15616K,  48% used [0x03e00000, 0x0455f968, 0x04d40000)
  from space 1920K,   0% used [0x04d40000, 0x04d40000, 0x04f20000)
  to   space 1920K,   0% used [0x04f20000, 0x04f20000, 0x05100000)
 tenured generation   total 38876K, used 35232K [0x09350000, 0x0b947000, 0x13e00000)
   the space 38876K,  90% used [0x09350000, 0x0b5b82e8, 0x0b5b8400, 0x0b947000)
 Metaspace       used 1685K, capacity 2924K, committed 3008K, reserved 4480K
GC Heap History (10 events):
Event: 126.890 GC heap before
{Heap before GC invocations=26 (full 1):
 def new generation   total 5632K, used 5106K [0x03e00000, 0x04410000, 0x09350000)
  eden space 5056K, 100% used [0x03e00000, 0x042f0000, 0x042f0000)
  from space 576K,   8% used [0x04380000, 0x0438cb90, 0x04410000)
  to   space 576K,   0% used [0x042f0000, 0x042f0000, 0x04380000)
 tenured generation   total 38876K, used 34017K [0x09350000, 0x0b947000, 0x13e00000)
   the space 38876K,  87% used [0x09350000, 0x0b488748, 0x0b488800, 0x0b947000)
 Metaspace       used 1533K, capacity 2929K, committed 3008K, reserved 4480K
Event: 126.892 GC heap after
Heap after GC invocations=27 (full 1):
 def new generation   total 5632K, used 49K [0x03e00000, 0x04410000, 0x09350000)
  eden space 5056K,   0% used [0x03e00000, 0x03e00000, 0x042f0000)
  from space 576K,   8% used [0x042f0000, 0x042fc6c0, 0x04380000)
  to   space 576K,   0% used [0x04380000, 0x04380000, 0x04410000)
 tenured generation   total 38876K, used 34018K [0x09350000, 0x0b947000, 0x13e00000)
   the space 38876K,  87% used [0x09350000, 0x0b488aa0, 0x0b488c00, 0x0b947000)
 Metaspace       used 1533K, capacity 2929K, committed 3008K, reserved 4480K
}
Event: 132.145 GC heap before
{Heap before GC invocations=27 (full 1):
 def new generation   total 5632K, used 5105K [0x03e00000, 0x04410000, 0x09350000)
  eden space 5056K, 100% used [0x03e00000, 0x042f0000, 0x042f0000)
  from space 576K,   8% used [0x042f0000, 0x042fc6c0, 0x04380000)
  to   space 576K,   0% used [0x04380000, 0x04380000, 0x04410000)
 tenured generation   total 38876K, used 34018K [0x09350000, 0x0b947000, 0x13e00000)
   the space 38876K,  87% used [0x09350000, 0x0b488aa0, 0x0b488c00, 0x0b947000)
 Metaspace       used 1533K, capacity 2929K, committed 3008K, reserved 4480K
Event: 132.148 GC heap after
Heap after GC invocations=28 (full 1):
 def new generation   total 5632K, used 55K [0x03e00000, 0x04410000, 0x09350000)
  eden space 5056K,   0% used [0x03e00000, 0x03e00000, 0x042f0000)
  from space 576K,   9% used [0x04380000, 0x0438dda8, 0x04410000)
  to   space 576K,   0% used [0x042f0000, 0x042f0000, 0x04380000)
 tenured generation   total 38876K, used 34019K [0x09350000, 0x0b947000, 0x13e00000)
   the space 38876K,  87% used [0x09350000, 0x0b488f28, 0x0b489000, 0x0b947000)
 Metaspace       used 1533K, capacity 2929K, committed 3008K, reserved 4480K
}
Event: 135.918 GC heap before
{Heap before GC invocations=28 (full 1):
 def new generation   total 5632K, used 5111K [0x03e00000, 0x04410000, 0x09350000)
  eden space 5056K, 100% used [0x03e00000, 0x042f0000, 0x042f0000)
  from space 576K,   9% used [0x04380000, 0x0438dda8, 0x04410000)
  to   space 576K,   0% used [0x042f0000, 0x042f0000, 0x04380000)
 tenured generation   total 38876K, used 34019K [0x09350000, 0x0b947000, 0x13e00000)
   the space 38876K,  87% used [0x09350000, 0x0b488f28, 0x0b489000, 0x0b947000)
 Metaspace       used 1533K, capacity 2929K, committed 3008K, reserved 4480K
Event: 135.921 GC heap after
Heap after GC invocations=29 (full 1):
 def new generation   total 5632K, used 159K [0x03e00000, 0x04410000, 0x09350000)
  eden space 5056K,   0% used [0x03e00000, 0x03e00000, 0x042f0000)
  from space 576K,  27% used [0x042f0000, 0x04317f98, 0x04380000)
  to   space 576K,   0% used [0x04380000, 0x04380000, 0x04410000)
 tenured generation   total 38876K, used 34020K [0x09350000, 0x0b947000, 0x13e00000)
   the space 38876K,  87% used [0x09350000, 0x0b489280, 0x0b489400, 0x0b947000)
 Metaspace       used 1533K, capacity 2929K, committed 3008K, reserved 4480K
}
Event: 136.455 GC heap before
{Heap before GC invocations=29 (full 1):
 def new generation   total 5632K, used 5215K [0x03e00000, 0x04410000, 0x09350000)
  eden space 5056K, 100% used [0x03e00000, 0x042f0000, 0x042f0000)
  from space 576K,  27% used [0x042f0000, 0x04317f98, 0x04380000)
  to   space 576K,   0% used [0x04380000, 0x04380000, 0x04410000)
 tenured generation   total 38876K, used 34020K [0x09350000, 0x0b947000, 0x13e00000)
   the space 38876K,  87% used [0x09350000, 0x0b489280, 0x0b489400, 0x0b947000)
 Metaspace       used 1533K, capacity 2929K, committed 3008K, reserved 4480K
Event: 136.465 GC heap after
Heap after GC invocations=30 (full 1):
 def new generation   total 5632K, used 576K [0x03e00000, 0x04410000, 0x09350000)
  eden space 5056K,   0% used [0x03e00000, 0x03e00000, 0x042f0000)
  from space 576K, 100% used [0x04380000, 0x04410000, 0x04410000)
  to   space 576K,   0% used [0x042f0000, 0x042f0000, 0x04380000)
 tenured generation   total 38876K, used 35114K [0x09350000, 0x0b947000, 0x13e00000)
   the space 38876K,  90% used [0x09350000, 0x0b59aa18, 0x0b59ac00, 0x0b947000)
 Metaspace       used 1533K, capacity 2929K, committed 3008K, reserved 4480K
}
Event: 136.527 GC heap before
{Heap before GC invocations=30 (full 1):
 def new generation   total 5632K, used 913K [0x03e00000, 0x04410000, 0x09350000)
  eden space 5056K,   6% used [0x03e00000, 0x03e54738, 0x042f0000)
  from space 576K, 100% used [0x04380000, 0x04410000, 0x04410000)
  to   space 576K,   0% used [0x042f0000, 0x042f0000, 0x04380000)
 tenured generation   total 38876K, used 35114K [0x09350000, 0x0b947000, 0x13e00000)
   the space 38876K,  90% used [0x09350000, 0x0b59aa18, 0x0b59ac00, 0x0b947000)
 Metaspace       used 1533K, capacity 2929K, committed 3008K, reserved 4480K
Event: 136.562 GC heap after
Heap after GC invocations=31 (full 2):
 def new generation   total 17536K, used 0K [0x03e00000, 0x05100000, 0x09350000)
  eden space 15616K,   0% used [0x03e00000, 0x03e00000, 0x04d40000)
  from space 1920K,   0% used [0x04d40000, 0x04d40000, 0x04f20000)
  to   space 1920K,   0% used [0x04f20000, 0x04f20000, 0x05100000)
 tenured generation   total 38876K, used 8672K [0x09350000, 0x0b947000, 0x13e00000)
   the space 38876K,  22% used [0x09350000, 0x09bc82d8, 0x09bc8400, 0x0b947000)
 Metaspace       used 1527K, capacity 2914K, committed 3008K, reserved 4480K
}

